actionid=py34
msg=getenv
cmdargs=[local('/home/eliotberriot/Seafile/kii/kii_main/.tox/py34/bin/pip'), 'install', '--pre', '-r/home/eliotberriot/Seafile/kii/kii_main/requirements.txt', '-r/home/eliotberriot/Seafile/kii/kii_main/requirements_dev.txt']
env={'GLADE_PIXMAP_PATH': ':', 'LOGNAME': 'eliotberriot', 'USER': 'eliotberriot', 'HOME': '/home/eliotberriot', 'XDG_VTNR': '1', 'PATH': '/home/eliotberriot/Seafile/kii/kii_main/.tox/py34/bin:/home/eliotberriot/.virtualenvs/kii/bin:/usr/local/sbin:/usr/local/bin:/usr/bin:/usr/bin/site_perl:/usr/bin/vendor_perl:/usr/bin/core_perl', 'VIRTUALENVWRAPPER_SCRIPT': '/usr/bin/virtualenvwrapper.sh', 'WINDOWPATH': '1', 'GLADE_MODULE_PATH': ':', 'LANG': 'fr_FR.UTF-8', 'TERM': 'xterm', 'SHELL': '/bin/bash', 'SSH_AGENT_PID': '548', 'SESSION_MANAGER': 'local/damasio:@/tmp/.ICE-unix/538,unix/damasio:/tmp/.ICE-unix/538', 'SHLVL': '4', 'PYTHONHASHSEED': '3234831849', 'DISPLAY': ':0.0', 'WINDOWID': '39845892', 'EDITOR': 'nano', 'GLADE_CATALOG_PATH': ':', 'GPG_AGENT_INFO': '/home/eliotberriot/.gnupg/S.gpg-agent:548:1', 'WORKON_HOME': '/home/eliotberriot/.virtualenvs', 'XDG_RUNTIME_DIR': '/run/user/1000', 'SSH_AUTH_SOCK': '/home/eliotberriot/.gnupg/S.gpg-agent.ssh', 'VIRTUAL_ENV': '/home/eliotberriot/Seafile/kii/kii_main/.tox/py34', 'PS1': '(kii)[\\u@\\h \\W]\\$ ', 'MAIL': '/var/spool/mail/eliotberriot', 'XDG_SESSION_ID': 'c1', 'DBUS_SESSION_BUS_ADDRESS': 'unix:abstract=/tmp/dbus-IMq0JkPpXN,guid=99db0003e612d3baf1085c7b543b8bce', '_': '/home/eliotberriot/.virtualenvs/kii/bin/tox', 'MOZ_PLUGIN_PATH': '/usr/lib/mozilla/plugins', 'VIRTUALENVWRAPPER_PROJECT_FILENAME': '.project', 'DESKTOP_SESSION': 'xfce', 'XDG_CONFIG_DIRS': '/etc/xdg', 'VIRTUALENVWRAPPER_HOOK_DIR': '/home/eliotberriot/.virtualenvs', 'OLDPWD': '/home/eliotberriot/Seafile/kii', 'XDG_DATA_DIRS': '/usr/local/share:/usr/share', 'PWD': '/home/eliotberriot/Seafile/kii/kii_main', 'COLORTERM': 'xfce4-terminal', 'XDG_MENU_PREFIX': 'xfce-', 'XDG_SEAT': 'seat0'}
Downloading/unpacking django==1.7 (from -r /home/eliotberriot/Seafile/kii/kii_main/requirements.txt (line 1))
Downloading/unpacking django-guardian (from -r /home/eliotberriot/Seafile/kii/kii_main/requirements.txt (line 2))
  Running setup.py (path:/home/eliotberriot/Seafile/kii/kii_main/.tox/py34/build/django-guardian/setup.py) egg_info for package django-guardian
    
    warning: no files found matching '*.json' under directory 'guardian/fixtures'
    warning: no files found matching '*.html' under directory 'guardian/tests/templates'
    warning: no previously-included files matching '*' found under directory 'example_project'
    warning: no previously-included files matching '*' found under directory 'docs/build'
    warning: no previously-included files matching '*' found under directory 'benchmarks'
Downloading/unpacking django-mptt (from -r /home/eliotberriot/Seafile/kii/kii_main/requirements.txt (line 3))
  Running setup.py (path:/home/eliotberriot/Seafile/kii/kii_main/.tox/py34/build/django-mptt/setup.py) egg_info for package django-mptt
    
    warning: no files found matching '*.json' under directory 'mptt'
    no previously-included directories found matching '.tox'
Downloading/unpacking six (from -r /home/eliotberriot/Seafile/kii/kii_main/requirements.txt (line 4))
  Downloading six-1.8.0-py2.py3-none-any.whl
Downloading/unpacking django-markupfield (from -r /home/eliotberriot/Seafile/kii/kii_main/requirements.txt (line 5))
  Downloading django_markupfield-1.2.1-py3-none-any.whl
Downloading/unpacking markdown (from -r /home/eliotberriot/Seafile/kii/kii_main/requirements.txt (line 6))
  Running setup.py (path:/home/eliotberriot/Seafile/kii/kii_main/.tox/py34/build/markdown/setup.py) egg_info for package markdown
    
Downloading/unpacking django-extensions (from -r /home/eliotberriot/Seafile/kii/kii_main/requirements.txt (line 7))
Downloading/unpacking django-model-utils (from -r /home/eliotberriot/Seafile/kii/kii_main/requirements.txt (line 8))
  Downloading django-model-utils-2.2.tar.gz
  Running setup.py (path:/home/eliotberriot/Seafile/kii/kii_main/.tox/py34/build/django-model-utils/setup.py) egg_info for package django-model-utils
    
Downloading/unpacking nose (from -r /home/eliotberriot/Seafile/kii/kii_main/requirements_dev.txt (line 1))
  Running setup.py (path:/home/eliotberriot/Seafile/kii/kii_main/.tox/py34/build/nose/setup.py) egg_info for package nose
    
    no previously-included directories found matching 'doc/.build'
Downloading/unpacking django-nose (from -r /home/eliotberriot/Seafile/kii/kii_main/requirements_dev.txt (line 2))
  Downloading django-nose-1.2.tar.gz
  Running setup.py (path:/home/eliotberriot/Seafile/kii/kii_main/.tox/py34/build/django-nose/setup.py) egg_info for package django-nose
    
    warning: no previously-included files matching '*.py[co]' found under directory 'django_nose'
    warning: no previously-included files matching '*.py[co]' found under directory 'testapp'
Downloading/unpacking django-dynamic-fixture (from -r /home/eliotberriot/Seafile/kii/kii_main/requirements_dev.txt (line 3))
  Downloading django-dynamic-fixture-1.8.0.tar.gz
  Running setup.py (path:/home/eliotberriot/Seafile/kii/kii_main/.tox/py34/build/django-dynamic-fixture/setup.py) egg_info for package django-dynamic-fixture
    
Downloading/unpacking tox (from -r /home/eliotberriot/Seafile/kii/kii_main/requirements_dev.txt (line 4))
  Running setup.py (path:/home/eliotberriot/Seafile/kii/kii_main/.tox/py34/build/tox/setup.py) egg_info for package tox
    
Downloading/unpacking virtualenv>=1.11.2 (from tox->-r /home/eliotberriot/Seafile/kii/kii_main/requirements_dev.txt (line 4))
Downloading/unpacking py>=1.4.17 (from tox->-r /home/eliotberriot/Seafile/kii/kii_main/requirements_dev.txt (line 4))
  Running setup.py (path:/home/eliotberriot/Seafile/kii/kii_main/.tox/py34/build/py/setup.py) egg_info for package py
    
Installing collected packages: django, django-guardian, django-mptt, six, django-markupfield, markdown, django-extensions, django-model-utils, nose, django-nose, django-dynamic-fixture, tox, virtualenv, py
  Running setup.py install for django-guardian
    
    warning: no files found matching '*.json' under directory 'guardian/fixtures'
    warning: no files found matching '*.html' under directory 'guardian/tests/templates'
    warning: no previously-included files matching '*' found under directory 'example_project'
    warning: no previously-included files matching '*' found under directory 'docs/build'
    warning: no previously-included files matching '*' found under directory 'benchmarks'
    Fixing build/lib/guardian/admin.py build/lib/guardian/mixins.py build/lib/guardian/compat.py build/lib/guardian/forms.py build/lib/guardian/managers.py build/lib/guardian/shortcuts.py build/lib/guardian/decorators.py build/lib/guardian/utils.py build/lib/guardian/__init__.py build/lib/guardian/testsettings.py build/lib/guardian/models.py build/lib/guardian/exceptions.py build/lib/guardian/core.py build/lib/guardian/backends.py build/lib/guardian/apps.py build/lib/guardian/conf/__init__.py build/lib/guardian/conf/settings.py build/lib/guardian/testapp/__init__.py build/lib/guardian/testapp/models.py build/lib/guardian/management/__init__.py build/lib/guardian/migrations/__init__.py build/lib/guardian/migrations/0003_update_objectpermission_object_pk.py build/lib/guardian/migrations/0005_auto__chg_field_groupobjectpermission_object_pk__chg_field_userobjectp.py build/lib/guardian/migrations/0002_auto__add_field_groupobjectpermission_object_pk__add_field_userobjectp.py build/lib/guardian/migrations/0001_initial.py build/lib/guardian/migrations/0004_auto__del_field_groupobjectpermission_object_id__del_unique_groupobjec.py build/lib/guardian/templatetags/__init__.py build/lib/guardian/templatetags/guardian_tags.py build/lib/guardian/testapp/tests/managers_test.py build/lib/guardian/testapp/tests/shortcuts_test.py build/lib/guardian/testapp/tests/forms_test.py build/lib/guardian/testapp/tests/conf.py build/lib/guardian/testapp/tests/mixins_test.py build/lib/guardian/testapp/tests/core_test.py build/lib/guardian/testapp/tests/direct_rel_test.py build/lib/guardian/testapp/tests/admin_test.py build/lib/guardian/testapp/tests/__init__.py build/lib/guardian/testapp/tests/conf_test.py build/lib/guardian/testapp/tests/utils_test.py build/lib/guardian/testapp/tests/tags_test.py build/lib/guardian/testapp/tests/custompkmodel_test.py build/lib/guardian/testapp/tests/other_test.py build/lib/guardian/testapp/tests/orphans_test.py build/lib/guardian/testapp/tests/management_test.py build/lib/guardian/testapp/tests/decorators_test.py build/lib/guardian/testapp/tests/urls.py build/lib/guardian/management/commands/__init__.py build/lib/guardian/management/commands/clean_orphan_obj_perms.py
    Skipping implicit fixer: buffer
    Skipping implicit fixer: idioms
    Skipping implicit fixer: set_literal
    Skipping implicit fixer: ws_comma
    Fixing build/lib/guardian/admin.py build/lib/guardian/mixins.py build/lib/guardian/compat.py build/lib/guardian/forms.py build/lib/guardian/managers.py build/lib/guardian/shortcuts.py build/lib/guardian/decorators.py build/lib/guardian/utils.py build/lib/guardian/__init__.py build/lib/guardian/testsettings.py build/lib/guardian/models.py build/lib/guardian/exceptions.py build/lib/guardian/core.py build/lib/guardian/backends.py build/lib/guardian/apps.py build/lib/guardian/conf/__init__.py build/lib/guardian/conf/settings.py build/lib/guardian/testapp/__init__.py build/lib/guardian/testapp/models.py build/lib/guardian/management/__init__.py build/lib/guardian/migrations/__init__.py build/lib/guardian/migrations/0003_update_objectpermission_object_pk.py build/lib/guardian/migrations/0005_auto__chg_field_groupobjectpermission_object_pk__chg_field_userobjectp.py build/lib/guardian/migrations/0002_auto__add_field_groupobjectpermission_object_pk__add_field_userobjectp.py build/lib/guardian/migrations/0001_initial.py build/lib/guardian/migrations/0004_auto__del_field_groupobjectpermission_object_id__del_unique_groupobjec.py build/lib/guardian/templatetags/__init__.py build/lib/guardian/templatetags/guardian_tags.py build/lib/guardian/testapp/tests/managers_test.py build/lib/guardian/testapp/tests/shortcuts_test.py build/lib/guardian/testapp/tests/forms_test.py build/lib/guardian/testapp/tests/conf.py build/lib/guardian/testapp/tests/mixins_test.py build/lib/guardian/testapp/tests/core_test.py build/lib/guardian/testapp/tests/direct_rel_test.py build/lib/guardian/testapp/tests/admin_test.py build/lib/guardian/testapp/tests/__init__.py build/lib/guardian/testapp/tests/conf_test.py build/lib/guardian/testapp/tests/utils_test.py build/lib/guardian/testapp/tests/tags_test.py build/lib/guardian/testapp/tests/custompkmodel_test.py build/lib/guardian/testapp/tests/other_test.py build/lib/guardian/testapp/tests/orphans_test.py build/lib/guardian/testapp/tests/management_test.py build/lib/guardian/testapp/tests/decorators_test.py build/lib/guardian/testapp/tests/urls.py build/lib/guardian/management/commands/__init__.py build/lib/guardian/management/commands/clean_orphan_obj_perms.py
    Skipping implicit fixer: buffer
    Skipping implicit fixer: idioms
    Skipping implicit fixer: set_literal
    Skipping implicit fixer: ws_comma
  Running setup.py install for django-mptt
    
    warning: no files found matching '*.json' under directory 'mptt'
    no previously-included directories found matching '.tox'
  Running setup.py install for markdown
    changing mode of build/scripts-3.4/markdown_py from 644 to 755
    Converting docs/index.txt -> build/docs/index.html
    Converting docs/change_log.txt -> build/docs/change_log.html
    Converting docs/release-2.0.1.txt -> build/docs/release-2.0.1.html
    Converting docs/test_suite.txt -> build/docs/test_suite.html
    Converting docs/release-2.1.1.txt -> build/docs/release-2.1.1.html
    Converting docs/release-2.1.0.txt -> build/docs/release-2.1.0.html
    Converting docs/authors.txt -> build/docs/authors.html
    Converting docs/release-2.5.txt -> build/docs/release-2.5.html
    Converting docs/release-2.4.txt -> build/docs/release-2.4.html
    Converting docs/release-2.0.2.txt -> build/docs/release-2.0.2.html
    Converting docs/cli.txt -> build/docs/cli.html
    Converting docs/release-2.3.txt -> build/docs/release-2.3.html
    Converting docs/install.txt -> build/docs/install.html
    Converting docs/siteindex.txt -> build/docs/siteindex.html
    Converting docs/reference.txt -> build/docs/reference.html
    Converting docs/release-2.0.txt -> build/docs/release-2.0.html
    Converting docs/release-2.2.1.txt -> build/docs/release-2.2.1.html
    Converting docs/release-2.2.0.txt -> build/docs/release-2.2.0.html
    Converting docs/extensions/index.txt -> build/docs/extensions/index.html
    Converting docs/extensions/toc.txt -> build/docs/extensions/toc.html
    Converting docs/extensions/wikilinks.txt -> build/docs/extensions/wikilinks.html
    Converting docs/extensions/nl2br.txt -> build/docs/extensions/nl2br.html
    Converting docs/extensions/tables.txt -> build/docs/extensions/tables.html
    Converting docs/extensions/sane_lists.txt -> build/docs/extensions/sane_lists.html
    Converting docs/extensions/definition_lists.txt -> build/docs/extensions/definition_lists.html
    Converting docs/extensions/attr_list.txt -> build/docs/extensions/attr_list.html
    Converting docs/extensions/smarty.txt -> build/docs/extensions/smarty.html
    Converting docs/extensions/fenced_code_blocks.txt -> build/docs/extensions/fenced_code_blocks.html
    Converting docs/extensions/extra.txt -> build/docs/extensions/extra.html
    Converting docs/extensions/meta_data.txt -> build/docs/extensions/meta_data.html
    Converting docs/extensions/smart_strong.txt -> build/docs/extensions/smart_strong.html
    Converting docs/extensions/header_id.txt -> build/docs/extensions/header_id.html
    Converting docs/extensions/admonition.txt -> build/docs/extensions/admonition.html
    Converting docs/extensions/code_hilite.txt -> build/docs/extensions/code_hilite.html
    Converting docs/extensions/footnotes.txt -> build/docs/extensions/footnotes.html
    Converting docs/extensions/abbreviations.txt -> build/docs/extensions/abbreviations.html
    Converting docs/extensions/api.txt -> build/docs/extensions/api.html
    
    changing mode of /home/eliotberriot/Seafile/kii/kii_main/.tox/py34/bin/markdown_py to 755
  Running setup.py install for django-model-utils
    
  Running setup.py install for nose
    Fixing build/lib/nose/commands.py build/lib/nose/result.py build/lib/nose/inspector.py build/lib/nose/exc.py build/lib/nose/failure.py build/lib/nose/case.py build/lib/nose/importer.py build/lib/nose/twistedtools.py build/lib/nose/config.py build/lib/nose/loader.py build/lib/nose/__init__.py build/lib/nose/__main__.py build/lib/nose/util.py build/lib/nose/core.py build/lib/nose/pyversion.py build/lib/nose/proxy.py build/lib/nose/selector.py build/lib/nose/suite.py build/lib/nose/sphinx/__init__.py build/lib/nose/sphinx/pluginopts.py build/lib/nose/plugins/base.py build/lib/nose/plugins/multiprocess.py build/lib/nose/plugins/xunit.py build/lib/nose/plugins/prof.py build/lib/nose/plugins/doctests.py build/lib/nose/plugins/deprecated.py build/lib/nose/plugins/collect.py build/lib/nose/plugins/builtin.py build/lib/nose/plugins/__init__.py build/lib/nose/plugins/capture.py build/lib/nose/plugins/manager.py build/lib/nose/plugins/debug.py build/lib/nose/plugins/attrib.py build/lib/nose/plugins/cover.py build/lib/nose/plugins/errorclass.py build/lib/nose/plugins/failuredetail.py build/lib/nose/plugins/plugintest.py build/lib/nose/plugins/logcapture.py build/lib/nose/plugins/isolate.py build/lib/nose/plugins/testid.py build/lib/nose/plugins/skip.py build/lib/nose/plugins/allmodules.py build/lib/nose/ext/dtcompat.py build/lib/nose/ext/__init__.py build/lib/nose/tools/trivial.py build/lib/nose/tools/nontrivial.py build/lib/nose/tools/__init__.py
    Skipping implicit fixer: buffer
    Skipping implicit fixer: idioms
    Skipping implicit fixer: set_literal
    Skipping implicit fixer: ws_comma
    Fixing build/lib/nose/commands.py build/lib/nose/result.py build/lib/nose/inspector.py build/lib/nose/exc.py build/lib/nose/failure.py build/lib/nose/case.py build/lib/nose/importer.py build/lib/nose/twistedtools.py build/lib/nose/config.py build/lib/nose/loader.py build/lib/nose/__init__.py build/lib/nose/__main__.py build/lib/nose/util.py build/lib/nose/core.py build/lib/nose/pyversion.py build/lib/nose/proxy.py build/lib/nose/selector.py build/lib/nose/suite.py build/lib/nose/sphinx/__init__.py build/lib/nose/sphinx/pluginopts.py build/lib/nose/plugins/base.py build/lib/nose/plugins/multiprocess.py build/lib/nose/plugins/xunit.py build/lib/nose/plugins/prof.py build/lib/nose/plugins/doctests.py build/lib/nose/plugins/deprecated.py build/lib/nose/plugins/collect.py build/lib/nose/plugins/builtin.py build/lib/nose/plugins/__init__.py build/lib/nose/plugins/capture.py build/lib/nose/plugins/manager.py build/lib/nose/plugins/debug.py build/lib/nose/plugins/attrib.py build/lib/nose/plugins/cover.py build/lib/nose/plugins/errorclass.py build/lib/nose/plugins/failuredetail.py build/lib/nose/plugins/plugintest.py build/lib/nose/plugins/logcapture.py build/lib/nose/plugins/isolate.py build/lib/nose/plugins/testid.py build/lib/nose/plugins/skip.py build/lib/nose/plugins/allmodules.py build/lib/nose/ext/dtcompat.py build/lib/nose/ext/__init__.py build/lib/nose/tools/trivial.py build/lib/nose/tools/nontrivial.py build/lib/nose/tools/__init__.py
    Skipping implicit fixer: buffer
    Skipping implicit fixer: idioms
    Skipping implicit fixer: set_literal
    Skipping implicit fixer: ws_comma
    
    no previously-included directories found matching 'doc/.build'
    Installing nosetests script to /home/eliotberriot/Seafile/kii/kii_main/.tox/py34/bin
    Installing nosetests-3.4 script to /home/eliotberriot/Seafile/kii/kii_main/.tox/py34/bin
  Running setup.py install for django-nose
    
    warning: no previously-included files matching '*.py[co]' found under directory 'django_nose'
    warning: no previously-included files matching '*.py[co]' found under directory 'testapp'
  Running setup.py install for django-dynamic-fixture
    
  Running setup.py install for tox
    
    Installing tox-quickstart script to /home/eliotberriot/Seafile/kii/kii_main/.tox/py34/bin
    Installing tox script to /home/eliotberriot/Seafile/kii/kii_main/.tox/py34/bin
  Running setup.py install for py
    
Successfully installed django django-guardian django-mptt six django-markupfield markdown django-extensions django-model-utils nose django-nose django-dynamic-fixture tox virtualenv py
Cleaning up...
